{"C:\\Users\\rokor.DESKTOP-8CEUSFN\\Desktop\\Extraordinario\\ExtraEstetica\\src\\app.js": {"path":"C:\\Users\\rokor.DESKTOP-8CEUSFN\\Desktop\\Extraordinario\\ExtraEstetica\\src\\app.js","statementMap":{"0":{"start":{"line":1,"column":16},"end":{"line":1,"column":34}},"1":{"start":{"line":2,"column":13},"end":{"line":2,"column":28}},"2":{"start":{"line":3,"column":13},"end":{"line":3,"column":28}},"3":{"start":{"line":4,"column":11},"end":{"line":4,"column":30}},"4":{"start":{"line":5,"column":19},"end":{"line":5,"column":49}},"5":{"start":{"line":6,"column":26},"end":{"line":6,"column":63}},"6":{"start":{"line":7,"column":20},"end":{"line":7,"column":51}},"7":{"start":{"line":9,"column":0},"end":{"line":9,"column":27}},"8":{"start":{"line":11,"column":12},"end":{"line":11,"column":21}},"9":{"start":{"line":14,"column":0},"end":{"line":14,"column":30}},"10":{"start":{"line":15,"column":0},"end":{"line":15,"column":48}},"11":{"start":{"line":17,"column":0},"end":{"line":17,"column":16}},"12":{"start":{"line":18,"column":0},"end":{"line":18,"column":24}},"13":{"start":{"line":20,"column":0},"end":{"line":20,"column":59}},"14":{"start":{"line":23,"column":0},"end":{"line":23,"column":48}},"15":{"start":{"line":23,"column":27},"end":{"line":23,"column":46}},"16":{"start":{"line":24,"column":0},"end":{"line":24,"column":59}},"17":{"start":{"line":24,"column":35},"end":{"line":24,"column":57}},"18":{"start":{"line":25,"column":0},"end":{"line":25,"column":53}},"19":{"start":{"line":25,"column":32},"end":{"line":25,"column":51}},"20":{"start":{"line":28,"column":0},"end":{"line":28,"column":53}},"21":{"start":{"line":28,"column":32},"end":{"line":28,"column":51}},"22":{"start":{"line":31,"column":0},"end":{"line":31,"column":29}},"23":{"start":{"line":32,"column":0},"end":{"line":32,"column":44}},"24":{"start":{"line":33,"column":0},"end":{"line":33,"column":31}},"25":{"start":{"line":41,"column":4},"end":{"line":62,"column":5}},"26":{"start":{"line":43,"column":8},"end":{"line":43,"column":50}},"27":{"start":{"line":44,"column":8},"end":{"line":44,"column":46}},"28":{"start":{"line":47,"column":25},"end":{"line":49,"column":10}},"29":{"start":{"line":48,"column":12},"end":{"line":48,"column":78}},"30":{"start":{"line":52,"column":8},"end":{"line":58,"column":11}},"31":{"start":{"line":53,"column":12},"end":{"line":57,"column":13}},"32":{"start":{"line":54,"column":16},"end":{"line":54,"column":74}},"33":{"start":{"line":56,"column":16},"end":{"line":56,"column":65}},"34":{"start":{"line":61,"column":8},"end":{"line":61,"column":47}},"35":{"start":{"line":68,"column":0},"end":{"line":71,"column":1}},"36":{"start":{"line":69,"column":17},"end":{"line":69,"column":41}},"37":{"start":{"line":70,"column":4},"end":{"line":70,"column":26}},"38":{"start":{"line":74,"column":0},"end":{"line":74,"column":21}}},"fnMap":{"0":{"name":"(anonymous_0)","decl":{"start":{"line":23,"column":13},"end":{"line":23,"column":14}},"loc":{"start":{"line":23,"column":27},"end":{"line":23,"column":46}},"line":23},"1":{"name":"(anonymous_1)","decl":{"start":{"line":24,"column":21},"end":{"line":24,"column":22}},"loc":{"start":{"line":24,"column":35},"end":{"line":24,"column":57}},"line":24},"2":{"name":"(anonymous_2)","decl":{"start":{"line":25,"column":18},"end":{"line":25,"column":19}},"loc":{"start":{"line":25,"column":32},"end":{"line":25,"column":51}},"line":25},"3":{"name":"(anonymous_3)","decl":{"start":{"line":28,"column":18},"end":{"line":28,"column":19}},"loc":{"start":{"line":28,"column":32},"end":{"line":28,"column":51}},"line":28},"4":{"name":"iniciarServidor","decl":{"start":{"line":40,"column":15},"end":{"line":40,"column":30}},"loc":{"start":{"line":40,"column":37},"end":{"line":63,"column":1}},"line":40},"5":{"name":"(anonymous_5)","decl":{"start":{"line":47,"column":42},"end":{"line":47,"column":43}},"loc":{"start":{"line":47,"column":48},"end":{"line":49,"column":9}},"line":47},"6":{"name":"(anonymous_6)","decl":{"start":{"line":52,"column":29},"end":{"line":52,"column":30}},"loc":{"start":{"line":52,"column":36},"end":{"line":58,"column":9}},"line":52}},"branchMap":{"0":{"loc":{"start":{"line":53,"column":12},"end":{"line":57,"column":13}},"type":"if","locations":[{"start":{"line":53,"column":12},"end":{"line":57,"column":13}},{"start":{"line":55,"column":19},"end":{"line":57,"column":13}}],"line":53},"1":{"loc":{"start":{"line":68,"column":0},"end":{"line":71,"column":1}},"type":"if","locations":[{"start":{"line":68,"column":0},"end":{"line":71,"column":1}},{"start":{},"end":{}}],"line":68},"2":{"loc":{"start":{"line":69,"column":17},"end":{"line":69,"column":41}},"type":"binary-expr","locations":[{"start":{"line":69,"column":17},"end":{"line":69,"column":33}},{"start":{"line":69,"column":37},"end":{"line":69,"column":41}}],"line":69}},"s":{"0":1,"1":1,"2":1,"3":1,"4":1,"5":1,"6":1,"7":1,"8":1,"9":1,"10":1,"11":1,"12":1,"13":1,"14":1,"15":0,"16":1,"17":0,"18":1,"19":0,"20":1,"21":0,"22":1,"23":1,"24":1,"25":0,"26":0,"27":0,"28":0,"29":0,"30":0,"31":0,"32":0,"33":0,"34":0,"35":1,"36":0,"37":0,"38":1},"f":{"0":0,"1":0,"2":0,"3":0,"4":0,"5":0,"6":0},"b":{"0":[0,0],"1":[0,1],"2":[0,0]},"_coverageSchema":"1a1c01bbd47fc00a2c39e90264f33305004495a9","hash":"2b99b3aa96c6a50a58380c561e6c73046c570054"}
,"C:\\Users\\rokor.DESKTOP-8CEUSFN\\Desktop\\Extraordinario\\ExtraEstetica\\src\\config\\database.js": {"path":"C:\\Users\\rokor.DESKTOP-8CEUSFN\\Desktop\\Extraordinario\\ExtraEstetica\\src\\config\\database.js","statementMap":{"0":{"start":{"line":1,"column":22},"end":{"line":1,"column":42}},"1":{"start":{"line":2,"column":0},"end":{"line":2,"column":27}},"2":{"start":{"line":4,"column":18},"end":{"line":13,"column":1}},"3":{"start":{"line":15,"column":0},"end":{"line":15,"column":27}}},"fnMap":{},"branchMap":{},"s":{"0":1,"1":1,"2":1,"3":1},"f":{},"b":{},"_coverageSchema":"1a1c01bbd47fc00a2c39e90264f33305004495a9","hash":"b08361a98b9d61a8beed634f9fc75a899d901e89"}
,"C:\\Users\\rokor.DESKTOP-8CEUSFN\\Desktop\\Extraordinario\\ExtraEstetica\\src\\controllers\\adminController.js": {"path":"C:\\Users\\rokor.DESKTOP-8CEUSFN\\Desktop\\Extraordinario\\ExtraEstetica\\src\\controllers\\adminController.js","statementMap":{"0":{"start":{"line":1,"column":60},"end":{"line":1,"column":80}},"1":{"start":{"line":5,"column":0},"end":{"line":75,"column":2}},"2":{"start":{"line":8,"column":8},"end":{"line":21,"column":9}},"3":{"start":{"line":9,"column":26},"end":{"line":16,"column":14}},"4":{"start":{"line":17,"column":12},"end":{"line":17,"column":28}},"5":{"start":{"line":19,"column":12},"end":{"line":19,"column":33}},"6":{"start":{"line":20,"column":12},"end":{"line":20,"column":73}},"7":{"start":{"line":26,"column":18},"end":{"line":26,"column":47}},"8":{"start":{"line":27,"column":8},"end":{"line":73,"column":9}},"9":{"start":{"line":28,"column":62},"end":{"line":28,"column":70}},"10":{"start":{"line":31,"column":32},"end":{"line":31,"column":59}},"11":{"start":{"line":32,"column":12},"end":{"line":35,"column":13}},"12":{"start":{"line":33,"column":16},"end":{"line":33,"column":35}},"13":{"start":{"line":34,"column":16},"end":{"line":34,"column":97}},"14":{"start":{"line":37,"column":12},"end":{"line":40,"column":13}},"15":{"start":{"line":38,"column":16},"end":{"line":38,"column":35}},"16":{"start":{"line":39,"column":16},"end":{"line":39,"column":88}},"17":{"start":{"line":48,"column":28},"end":{"line":53,"column":34}},"18":{"start":{"line":56,"column":27},"end":{"line":58,"column":34}},"19":{"start":{"line":61,"column":26},"end":{"line":61,"column":99}},"20":{"start":{"line":62,"column":12},"end":{"line":64,"column":13}},"21":{"start":{"line":63,"column":16},"end":{"line":63,"column":65}},"22":{"start":{"line":66,"column":12},"end":{"line":66,"column":29}},"23":{"start":{"line":67,"column":12},"end":{"line":67,"column":79}},"24":{"start":{"line":70,"column":12},"end":{"line":70,"column":31}},"25":{"start":{"line":71,"column":12},"end":{"line":71,"column":60}},"26":{"start":{"line":72,"column":12},"end":{"line":72,"column":104}}},"fnMap":{"0":{"name":"(anonymous_0)","decl":{"start":{"line":7,"column":4},"end":{"line":7,"column":5}},"loc":{"start":{"line":7,"column":39},"end":{"line":22,"column":5}},"line":7},"1":{"name":"(anonymous_1)","decl":{"start":{"line":25,"column":4},"end":{"line":25,"column":5}},"loc":{"start":{"line":25,"column":35},"end":{"line":74,"column":5}},"line":25}},"branchMap":{"0":{"loc":{"start":{"line":32,"column":12},"end":{"line":35,"column":13}},"type":"if","locations":[{"start":{"line":32,"column":12},"end":{"line":35,"column":13}},{"start":{},"end":{}}],"line":32},"1":{"loc":{"start":{"line":32,"column":16},"end":{"line":32,"column":62}},"type":"binary-expr","locations":[{"start":{"line":32,"column":16},"end":{"line":32,"column":41}},{"start":{"line":32,"column":45},"end":{"line":32,"column":62}}],"line":32},"2":{"loc":{"start":{"line":37,"column":12},"end":{"line":40,"column":13}},"type":"if","locations":[{"start":{"line":37,"column":12},"end":{"line":40,"column":13}},{"start":{},"end":{}}],"line":37},"3":{"loc":{"start":{"line":62,"column":12},"end":{"line":64,"column":13}},"type":"if","locations":[{"start":{"line":62,"column":12},"end":{"line":64,"column":13}},{"start":{},"end":{}}],"line":62}},"s":{"0":1,"1":1,"2":1,"3":1,"4":1,"5":0,"6":0,"7":1,"8":1,"9":1,"10":1,"11":1,"12":0,"13":0,"14":1,"15":0,"16":0,"17":1,"18":1,"19":1,"20":1,"21":1,"22":1,"23":1,"24":0,"25":0,"26":0},"f":{"0":1,"1":1},"b":{"0":[0,1],"1":[1,1],"2":[0,1],"3":[1,0]},"_coverageSchema":"1a1c01bbd47fc00a2c39e90264f33305004495a9","hash":"07d95590e64c32fe701bae384d21fdd2a89126a8"}
,"C:\\Users\\rokor.DESKTOP-8CEUSFN\\Desktop\\Extraordinario\\ExtraEstetica\\src\\controllers\\appointmentController.js": {"path":"C:\\Users\\rokor.DESKTOP-8CEUSFN\\Desktop\\Extraordinario\\ExtraEstetica\\src\\controllers\\appointmentController.js","statementMap":{"0":{"start":{"line":1,"column":54},"end":{"line":1,"column":74}},"1":{"start":{"line":2,"column":15},"end":{"line":2,"column":35}},"2":{"start":{"line":4,"column":0},"end":{"line":131,"column":2}},"3":{"start":{"line":7,"column":8},"end":{"line":90,"column":9}},"4":{"start":{"line":8,"column":49},"end":{"line":8,"column":57}},"5":{"start":{"line":9,"column":30},"end":{"line":9,"column":41}},"6":{"start":{"line":12,"column":30},"end":{"line":12,"column":52}},"7":{"start":{"line":13,"column":24},"end":{"line":13,"column":34}},"8":{"start":{"line":16,"column":30},"end":{"line":16,"column":65}},"9":{"start":{"line":18,"column":12},"end":{"line":20,"column":13}},"10":{"start":{"line":19,"column":16},"end":{"line":19,"column":92}},"11":{"start":{"line":22,"column":24},"end":{"line":22,"column":42}},"12":{"start":{"line":23,"column":25},"end":{"line":23,"column":45}},"13":{"start":{"line":26,"column":12},"end":{"line":26,"column":119}},"14":{"start":{"line":26,"column":40},"end":{"line":26,"column":119}},"15":{"start":{"line":29,"column":12},"end":{"line":29,"column":120}},"16":{"start":{"line":29,"column":40},"end":{"line":29,"column":120}},"17":{"start":{"line":32,"column":28},"end":{"line":32,"column":62}},"18":{"start":{"line":33,"column":12},"end":{"line":33,"column":94}},"19":{"start":{"line":33,"column":26},"end":{"line":33,"column":94}},"20":{"start":{"line":35,"column":28},"end":{"line":35,"column":92}},"21":{"start":{"line":38,"column":31},"end":{"line":44,"column":14}},"22":{"start":{"line":46,"column":12},"end":{"line":46,"column":127}},"23":{"start":{"line":46,"column":36},"end":{"line":46,"column":127}},"24":{"start":{"line":49,"column":35},"end":{"line":49,"column":39}},"25":{"start":{"line":51,"column":12},"end":{"line":69,"column":13}},"26":{"start":{"line":52,"column":34},"end":{"line":63,"column":18}},"27":{"start":{"line":65,"column":16},"end":{"line":68,"column":17}},"28":{"start":{"line":66,"column":20},"end":{"line":66,"column":48}},"29":{"start":{"line":67,"column":20},"end":{"line":67,"column":26}},"30":{"start":{"line":71,"column":12},"end":{"line":73,"column":13}},"31":{"start":{"line":72,"column":16},"end":{"line":72,"column":106}},"32":{"start":{"line":76,"column":35},"end":{"line":83,"column":14}},"33":{"start":{"line":85,"column":12},"end":{"line":85,"column":96}},"34":{"start":{"line":88,"column":12},"end":{"line":88,"column":57}},"35":{"start":{"line":89,"column":12},"end":{"line":89,"column":84}},"36":{"start":{"line":95,"column":8},"end":{"line":104,"column":9}},"37":{"start":{"line":96,"column":26},"end":{"line":99,"column":14}},"38":{"start":{"line":100,"column":12},"end":{"line":100,"column":28}},"39":{"start":{"line":102,"column":12},"end":{"line":102,"column":33}},"40":{"start":{"line":103,"column":12},"end":{"line":103,"column":72}},"41":{"start":{"line":109,"column":8},"end":{"line":129,"column":9}},"42":{"start":{"line":110,"column":27},"end":{"line":110,"column":37}},"43":{"start":{"line":111,"column":27},"end":{"line":111,"column":38}},"44":{"start":{"line":112,"column":27},"end":{"line":112,"column":43}},"45":{"start":{"line":114,"column":32},"end":{"line":114,"column":62}},"46":{"start":{"line":116,"column":12},"end":{"line":116,"column":93}},"47":{"start":{"line":116,"column":30},"end":{"line":116,"column":93}},"48":{"start":{"line":118,"column":12},"end":{"line":120,"column":13}},"49":{"start":{"line":119,"column":16},"end":{"line":119,"column":79}},"50":{"start":{"line":122,"column":12},"end":{"line":122,"column":45}},"51":{"start":{"line":123,"column":12},"end":{"line":123,"column":37}},"52":{"start":{"line":125,"column":12},"end":{"line":125,"column":66}},"53":{"start":{"line":127,"column":12},"end":{"line":127,"column":33}},"54":{"start":{"line":128,"column":12},"end":{"line":128,"column":67}}},"fnMap":{"0":{"name":"(anonymous_0)","decl":{"start":{"line":6,"column":4},"end":{"line":6,"column":5}},"loc":{"start":{"line":6,"column":38},"end":{"line":91,"column":5}},"line":6},"1":{"name":"(anonymous_1)","decl":{"start":{"line":94,"column":4},"end":{"line":94,"column":5}},"loc":{"start":{"line":94,"column":38},"end":{"line":105,"column":5}},"line":94},"2":{"name":"(anonymous_2)","decl":{"start":{"line":108,"column":4},"end":{"line":108,"column":5}},"loc":{"start":{"line":108,"column":38},"end":{"line":130,"column":5}},"line":108}},"branchMap":{"0":{"loc":{"start":{"line":18,"column":12},"end":{"line":20,"column":13}},"type":"if","locations":[{"start":{"line":18,"column":12},"end":{"line":20,"column":13}},{"start":{},"end":{}}],"line":18},"1":{"loc":{"start":{"line":26,"column":12},"end":{"line":26,"column":119}},"type":"if","locations":[{"start":{"line":26,"column":12},"end":{"line":26,"column":119}},{"start":{},"end":{}}],"line":26},"2":{"loc":{"start":{"line":26,"column":16},"end":{"line":26,"column":38}},"type":"binary-expr","locations":[{"start":{"line":26,"column":16},"end":{"line":26,"column":25}},{"start":{"line":26,"column":29},"end":{"line":26,"column":38}}],"line":26},"3":{"loc":{"start":{"line":29,"column":12},"end":{"line":29,"column":120}},"type":"if","locations":[{"start":{"line":29,"column":12},"end":{"line":29,"column":120}},{"start":{},"end":{}}],"line":29},"4":{"loc":{"start":{"line":29,"column":16},"end":{"line":29,"column":38}},"type":"binary-expr","locations":[{"start":{"line":29,"column":16},"end":{"line":29,"column":24}},{"start":{"line":29,"column":28},"end":{"line":29,"column":38}}],"line":29},"5":{"loc":{"start":{"line":33,"column":12},"end":{"line":33,"column":94}},"type":"if","locations":[{"start":{"line":33,"column":12},"end":{"line":33,"column":94}},{"start":{},"end":{}}],"line":33},"6":{"loc":{"start":{"line":46,"column":12},"end":{"line":46,"column":127}},"type":"if","locations":[{"start":{"line":46,"column":12},"end":{"line":46,"column":127}},{"start":{},"end":{}}],"line":46},"7":{"loc":{"start":{"line":65,"column":16},"end":{"line":68,"column":17}},"type":"if","locations":[{"start":{"line":65,"column":16},"end":{"line":68,"column":17}},{"start":{},"end":{}}],"line":65},"8":{"loc":{"start":{"line":71,"column":12},"end":{"line":73,"column":13}},"type":"if","locations":[{"start":{"line":71,"column":12},"end":{"line":73,"column":13}},{"start":{},"end":{}}],"line":71},"9":{"loc":{"start":{"line":116,"column":12},"end":{"line":116,"column":93}},"type":"if","locations":[{"start":{"line":116,"column":12},"end":{"line":116,"column":93}},{"start":{},"end":{}}],"line":116},"10":{"loc":{"start":{"line":118,"column":12},"end":{"line":120,"column":13}},"type":"if","locations":[{"start":{"line":118,"column":12},"end":{"line":120,"column":13}},{"start":{},"end":{}}],"line":118},"11":{"loc":{"start":{"line":118,"column":16},"end":{"line":118,"column":64}},"type":"binary-expr","locations":[{"start":{"line":118,"column":16},"end":{"line":118,"column":28}},{"start":{"line":118,"column":32},"end":{"line":118,"column":64}}],"line":118}},"s":{"0":1,"1":1,"2":1,"3":1,"4":1,"5":1,"6":1,"7":1,"8":1,"9":1,"10":0,"11":1,"12":1,"13":1,"14":0,"15":1,"16":0,"17":1,"18":1,"19":0,"20":1,"21":1,"22":1,"23":0,"24":1,"25":1,"26":3,"27":3,"28":1,"29":1,"30":1,"31":0,"32":1,"33":1,"34":0,"35":0,"36":1,"37":1,"38":1,"39":0,"40":0,"41":1,"42":1,"43":1,"44":1,"45":1,"46":1,"47":0,"48":1,"49":0,"50":1,"51":1,"52":1,"53":0,"54":0},"f":{"0":1,"1":1,"2":1},"b":{"0":[0,1],"1":[0,1],"2":[1,1],"3":[0,1],"4":[1,1],"5":[0,1],"6":[0,1],"7":[1,2],"8":[0,1],"9":[0,1],"10":[0,1],"11":[1,1]},"_coverageSchema":"1a1c01bbd47fc00a2c39e90264f33305004495a9","hash":"1ac3a695e5fd4762af6396a00646131c5e4c84b5"}
,"C:\\Users\\rokor.DESKTOP-8CEUSFN\\Desktop\\Extraordinario\\ExtraEstetica\\src\\controllers\\authController.js": {"path":"C:\\Users\\rokor.DESKTOP-8CEUSFN\\Desktop\\Extraordinario\\ExtraEstetica\\src\\controllers\\authController.js","statementMap":{"0":{"start":{"line":1,"column":28},"end":{"line":1,"column":48}},"1":{"start":{"line":2,"column":12},"end":{"line":2,"column":35}},"2":{"start":{"line":3,"column":15},"end":{"line":3,"column":32}},"3":{"start":{"line":5,"column":0},"end":{"line":96,"column":2}},"4":{"start":{"line":8,"column":8},"end":{"line":55,"column":9}},"5":{"start":{"line":9,"column":67},"end":{"line":9,"column":75}},"6":{"start":{"line":14,"column":32},"end":{"line":14,"column":59}},"7":{"start":{"line":15,"column":12},"end":{"line":17,"column":13}},"8":{"start":{"line":16,"column":16},"end":{"line":16,"column":97}},"9":{"start":{"line":20,"column":34},"end":{"line":20,"column":44}},"10":{"start":{"line":21,"column":12},"end":{"line":23,"column":13}},"11":{"start":{"line":22,"column":16},"end":{"line":22,"column":111}},"12":{"start":{"line":26,"column":12},"end":{"line":28,"column":13}},"13":{"start":{"line":27,"column":16},"end":{"line":27,"column":88}},"14":{"start":{"line":32,"column":33},"end":{"line":32,"column":73}},"15":{"start":{"line":33,"column":12},"end":{"line":35,"column":13}},"16":{"start":{"line":34,"column":16},"end":{"line":34,"column":92}},"17":{"start":{"line":42,"column":28},"end":{"line":48,"column":14}},"18":{"start":{"line":50,"column":12},"end":{"line":50,"column":98}},"19":{"start":{"line":53,"column":12},"end":{"line":53,"column":33}},"20":{"start":{"line":54,"column":12},"end":{"line":54,"column":84}},"21":{"start":{"line":60,"column":8},"end":{"line":94,"column":9}},"22":{"start":{"line":61,"column":40},"end":{"line":61,"column":48}},"23":{"start":{"line":63,"column":25},"end":{"line":63,"column":65}},"24":{"start":{"line":64,"column":12},"end":{"line":66,"column":13}},"25":{"start":{"line":65,"column":16},"end":{"line":65,"column":83}},"26":{"start":{"line":69,"column":28},"end":{"line":69,"column":78}},"27":{"start":{"line":70,"column":12},"end":{"line":72,"column":13}},"28":{"start":{"line":71,"column":16},"end":{"line":71,"column":83}},"29":{"start":{"line":75,"column":26},"end":{"line":79,"column":13}},"30":{"start":{"line":81,"column":12},"end":{"line":89,"column":15}},"31":{"start":{"line":92,"column":12},"end":{"line":92,"column":33}},"32":{"start":{"line":93,"column":12},"end":{"line":93,"column":73}}},"fnMap":{"0":{"name":"(anonymous_0)","decl":{"start":{"line":7,"column":4},"end":{"line":7,"column":5}},"loc":{"start":{"line":7,"column":29},"end":{"line":56,"column":5}},"line":7},"1":{"name":"(anonymous_1)","decl":{"start":{"line":59,"column":4},"end":{"line":59,"column":5}},"loc":{"start":{"line":59,"column":26},"end":{"line":95,"column":5}},"line":59}},"branchMap":{"0":{"loc":{"start":{"line":15,"column":12},"end":{"line":17,"column":13}},"type":"if","locations":[{"start":{"line":15,"column":12},"end":{"line":17,"column":13}},{"start":{},"end":{}}],"line":15},"1":{"loc":{"start":{"line":15,"column":16},"end":{"line":15,"column":80}},"type":"binary-expr","locations":[{"start":{"line":15,"column":16},"end":{"line":15,"column":50}},{"start":{"line":15,"column":54},"end":{"line":15,"column":80}}],"line":15},"2":{"loc":{"start":{"line":21,"column":12},"end":{"line":23,"column":13}},"type":"if","locations":[{"start":{"line":21,"column":12},"end":{"line":23,"column":13}},{"start":{},"end":{}}],"line":21},"3":{"loc":{"start":{"line":21,"column":16},"end":{"line":21,"column":69}},"type":"binary-expr","locations":[{"start":{"line":21,"column":16},"end":{"line":21,"column":45}},{"start":{"line":21,"column":49},"end":{"line":21,"column":69}}],"line":21},"4":{"loc":{"start":{"line":26,"column":12},"end":{"line":28,"column":13}},"type":"if","locations":[{"start":{"line":26,"column":12},"end":{"line":28,"column":13}},{"start":{},"end":{}}],"line":26},"5":{"loc":{"start":{"line":33,"column":12},"end":{"line":35,"column":13}},"type":"if","locations":[{"start":{"line":33,"column":12},"end":{"line":35,"column":13}},{"start":{},"end":{}}],"line":33},"6":{"loc":{"start":{"line":64,"column":12},"end":{"line":66,"column":13}},"type":"if","locations":[{"start":{"line":64,"column":12},"end":{"line":66,"column":13}},{"start":{},"end":{}}],"line":64},"7":{"loc":{"start":{"line":70,"column":12},"end":{"line":72,"column":13}},"type":"if","locations":[{"start":{"line":70,"column":12},"end":{"line":72,"column":13}},{"start":{},"end":{}}],"line":70},"8":{"loc":{"start":{"line":77,"column":16},"end":{"line":77,"column":64}},"type":"binary-expr","locations":[{"start":{"line":77,"column":16},"end":{"line":77,"column":38}},{"start":{"line":77,"column":42},"end":{"line":77,"column":64}}],"line":77}},"s":{"0":1,"1":1,"2":1,"3":1,"4":3,"5":3,"6":3,"7":3,"8":2,"9":1,"10":1,"11":0,"12":1,"13":0,"14":1,"15":1,"16":0,"17":1,"18":1,"19":0,"20":0,"21":2,"22":2,"23":2,"24":2,"25":0,"26":2,"27":2,"28":0,"29":2,"30":2,"31":0,"32":0},"f":{"0":3,"1":2},"b":{"0":[2,1],"1":[3,1],"2":[0,1],"3":[1,1],"4":[0,1],"5":[0,1],"6":[0,2],"7":[0,2],"8":[2,0]},"_coverageSchema":"1a1c01bbd47fc00a2c39e90264f33305004495a9","hash":"022699a8db51acbf3d95a17252b80c107a6b28ec"}
,"C:\\Users\\rokor.DESKTOP-8CEUSFN\\Desktop\\Extraordinario\\ExtraEstetica\\src\\middlewares\\authMiddleware.js": {"path":"C:\\Users\\rokor.DESKTOP-8CEUSFN\\Desktop\\Extraordinario\\ExtraEstetica\\src\\middlewares\\authMiddleware.js","statementMap":{"0":{"start":{"line":1,"column":12},"end":{"line":1,"column":35}},"1":{"start":{"line":3,"column":0},"end":{"line":20,"column":2}},"2":{"start":{"line":5,"column":23},"end":{"line":5,"column":51}},"3":{"start":{"line":6,"column":18},"end":{"line":6,"column":56}},"4":{"start":{"line":8,"column":4},"end":{"line":10,"column":5}},"5":{"start":{"line":9,"column":8},"end":{"line":9,"column":83}},"6":{"start":{"line":12,"column":4},"end":{"line":19,"column":5}},"7":{"start":{"line":14,"column":24},"end":{"line":14,"column":65}},"8":{"start":{"line":15,"column":8},"end":{"line":15,"column":27}},"9":{"start":{"line":16,"column":8},"end":{"line":16,"column":15}},"10":{"start":{"line":18,"column":8},"end":{"line":18,"column":79}}},"fnMap":{"0":{"name":"(anonymous_0)","decl":{"start":{"line":3,"column":17},"end":{"line":3,"column":18}},"loc":{"start":{"line":3,"column":37},"end":{"line":20,"column":1}},"line":3}},"branchMap":{"0":{"loc":{"start":{"line":6,"column":18},"end":{"line":6,"column":56}},"type":"binary-expr","locations":[{"start":{"line":6,"column":18},"end":{"line":6,"column":28}},{"start":{"line":6,"column":32},"end":{"line":6,"column":56}}],"line":6},"1":{"loc":{"start":{"line":8,"column":4},"end":{"line":10,"column":5}},"type":"if","locations":[{"start":{"line":8,"column":4},"end":{"line":10,"column":5}},{"start":{},"end":{}}],"line":8}},"s":{"0":1,"1":1,"2":6,"3":6,"4":6,"5":0,"6":6,"7":6,"8":6,"9":6,"10":0},"f":{"0":6},"b":{"0":[6,6],"1":[0,6]},"_coverageSchema":"1a1c01bbd47fc00a2c39e90264f33305004495a9","hash":"6950dd93aa0f21891a81ac3037df05fab2bd332a"}
,"C:\\Users\\rokor.DESKTOP-8CEUSFN\\Desktop\\Extraordinario\\ExtraEstetica\\src\\models\\Appointment.js": {"path":"C:\\Users\\rokor.DESKTOP-8CEUSFN\\Desktop\\Extraordinario\\ExtraEstetica\\src\\models\\Appointment.js","statementMap":{"0":{"start":{"line":1,"column":22},"end":{"line":1,"column":42}},"1":{"start":{"line":2,"column":18},"end":{"line":2,"column":47}},"2":{"start":{"line":4,"column":20},"end":{"line":11,"column":51}},"3":{"start":{"line":13,"column":0},"end":{"line":13,"column":29}}},"fnMap":{},"branchMap":{},"s":{"0":1,"1":1,"2":1,"3":1},"f":{},"b":{},"_coverageSchema":"1a1c01bbd47fc00a2c39e90264f33305004495a9","hash":"fe8019834e5b7e922cb768402add67b9c44a270f"}
,"C:\\Users\\rokor.DESKTOP-8CEUSFN\\Desktop\\Extraordinario\\ExtraEstetica\\src\\models\\Employee.js": {"path":"C:\\Users\\rokor.DESKTOP-8CEUSFN\\Desktop\\Extraordinario\\ExtraEstetica\\src\\models\\Employee.js","statementMap":{"0":{"start":{"line":1,"column":22},"end":{"line":1,"column":42}},"1":{"start":{"line":2,"column":18},"end":{"line":2,"column":47}},"2":{"start":{"line":4,"column":17},"end":{"line":9,"column":49}},"3":{"start":{"line":11,"column":0},"end":{"line":11,"column":26}}},"fnMap":{},"branchMap":{},"s":{"0":1,"1":1,"2":1,"3":1},"f":{},"b":{},"_coverageSchema":"1a1c01bbd47fc00a2c39e90264f33305004495a9","hash":"7ff15e78ef306ba13723c35b2eaf1ce76d0a13e8"}
,"C:\\Users\\rokor.DESKTOP-8CEUSFN\\Desktop\\Extraordinario\\ExtraEstetica\\src\\models\\Role.js": {"path":"C:\\Users\\rokor.DESKTOP-8CEUSFN\\Desktop\\Extraordinario\\ExtraEstetica\\src\\models\\Role.js","statementMap":{"0":{"start":{"line":1,"column":22},"end":{"line":1,"column":42}},"1":{"start":{"line":2,"column":18},"end":{"line":2,"column":47}},"2":{"start":{"line":4,"column":13},"end":{"line":10,"column":45}},"3":{"start":{"line":12,"column":0},"end":{"line":12,"column":22}}},"fnMap":{},"branchMap":{},"s":{"0":1,"1":1,"2":1,"3":1},"f":{},"b":{},"_coverageSchema":"1a1c01bbd47fc00a2c39e90264f33305004495a9","hash":"6a670a7a29b57b4d7bc2bab57dd3652a207c6fd0"}
,"C:\\Users\\rokor.DESKTOP-8CEUSFN\\Desktop\\Extraordinario\\ExtraEstetica\\src\\models\\Service.js": {"path":"C:\\Users\\rokor.DESKTOP-8CEUSFN\\Desktop\\Extraordinario\\ExtraEstetica\\src\\models\\Service.js","statementMap":{"0":{"start":{"line":1,"column":22},"end":{"line":1,"column":42}},"1":{"start":{"line":2,"column":18},"end":{"line":2,"column":47}},"2":{"start":{"line":4,"column":16},"end":{"line":9,"column":48}},"3":{"start":{"line":11,"column":0},"end":{"line":11,"column":25}}},"fnMap":{},"branchMap":{},"s":{"0":1,"1":1,"2":1,"3":1},"f":{},"b":{},"_coverageSchema":"1a1c01bbd47fc00a2c39e90264f33305004495a9","hash":"5b8434a599487ec51663a0611e5289c0493bb2c4"}
,"C:\\Users\\rokor.DESKTOP-8CEUSFN\\Desktop\\Extraordinario\\ExtraEstetica\\src\\models\\User.js": {"path":"C:\\Users\\rokor.DESKTOP-8CEUSFN\\Desktop\\Extraordinario\\ExtraEstetica\\src\\models\\User.js","statementMap":{"0":{"start":{"line":1,"column":22},"end":{"line":1,"column":42}},"1":{"start":{"line":2,"column":18},"end":{"line":2,"column":47}},"2":{"start":{"line":3,"column":15},"end":{"line":3,"column":32}},"3":{"start":{"line":5,"column":13},"end":{"line":29,"column":2}},"4":{"start":{"line":32,"column":0},"end":{"line":37,"column":3}},"5":{"start":{"line":33,"column":4},"end":{"line":36,"column":5}},"6":{"start":{"line":34,"column":21},"end":{"line":34,"column":45}},"7":{"start":{"line":35,"column":8},"end":{"line":35,"column":73}},"8":{"start":{"line":39,"column":0},"end":{"line":39,"column":22}}},"fnMap":{"0":{"name":"(anonymous_0)","decl":{"start":{"line":32,"column":18},"end":{"line":32,"column":19}},"loc":{"start":{"line":32,"column":34},"end":{"line":37,"column":1}},"line":32}},"branchMap":{"0":{"loc":{"start":{"line":33,"column":4},"end":{"line":36,"column":5}},"type":"if","locations":[{"start":{"line":33,"column":4},"end":{"line":36,"column":5}},{"start":{},"end":{}}],"line":33}},"s":{"0":1,"1":1,"2":1,"3":1,"4":1,"5":2,"6":2,"7":2,"8":1},"f":{"0":2},"b":{"0":[2,0]},"_coverageSchema":"1a1c01bbd47fc00a2c39e90264f33305004495a9","hash":"a07e68f5de10983c2ff79ee80e5c6dc3c0a0cac6"}
,"C:\\Users\\rokor.DESKTOP-8CEUSFN\\Desktop\\Extraordinario\\ExtraEstetica\\src\\models\\index.js": {"path":"C:\\Users\\rokor.DESKTOP-8CEUSFN\\Desktop\\Extraordinario\\ExtraEstetica\\src\\models\\index.js","statementMap":{"0":{"start":{"line":1,"column":18},"end":{"line":1,"column":47}},"1":{"start":{"line":2,"column":22},"end":{"line":2,"column":42}},"2":{"start":{"line":5,"column":13},"end":{"line":5,"column":30}},"3":{"start":{"line":6,"column":13},"end":{"line":6,"column":30}},"4":{"start":{"line":7,"column":17},"end":{"line":7,"column":38}},"5":{"start":{"line":8,"column":16},"end":{"line":8,"column":36}},"6":{"start":{"line":9,"column":20},"end":{"line":9,"column":44}},"7":{"start":{"line":12,"column":14},"end":{"line":14,"column":46}},"8":{"start":{"line":19,"column":0},"end":{"line":19,"column":46}},"9":{"start":{"line":20,"column":0},"end":{"line":20,"column":48}},"10":{"start":{"line":23,"column":0},"end":{"line":23,"column":49}},"11":{"start":{"line":24,"column":0},"end":{"line":24,"column":52}},"12":{"start":{"line":27,"column":0},"end":{"line":27,"column":81}},"13":{"start":{"line":28,"column":0},"end":{"line":28,"column":81}},"14":{"start":{"line":31,"column":0},"end":{"line":31,"column":61}},"15":{"start":{"line":32,"column":0},"end":{"line":32,"column":63}},"16":{"start":{"line":36,"column":0},"end":{"line":36,"column":75}},"17":{"start":{"line":37,"column":0},"end":{"line":37,"column":72}},"18":{"start":{"line":40,"column":0},"end":{"line":40,"column":82}},"19":{"start":{"line":41,"column":0},"end":{"line":41,"column":79}},"20":{"start":{"line":44,"column":0},"end":{"line":44,"column":59}},"21":{"start":{"line":45,"column":0},"end":{"line":45,"column":61}},"22":{"start":{"line":48,"column":0},"end":{"line":51,"column":2}}},"fnMap":{},"branchMap":{},"s":{"0":1,"1":1,"2":1,"3":1,"4":1,"5":1,"6":1,"7":1,"8":1,"9":1,"10":1,"11":1,"12":1,"13":1,"14":1,"15":1,"16":1,"17":1,"18":1,"19":1,"20":1,"21":1,"22":1},"f":{},"b":{},"_coverageSchema":"1a1c01bbd47fc00a2c39e90264f33305004495a9","hash":"a84f49d40edd0798a657b632caa6e15db8f5ada2"}
,"C:\\Users\\rokor.DESKTOP-8CEUSFN\\Desktop\\Extraordinario\\ExtraEstetica\\src\\routes\\adminRoutes.js": {"path":"C:\\Users\\rokor.DESKTOP-8CEUSFN\\Desktop\\Extraordinario\\ExtraEstetica\\src\\routes\\adminRoutes.js","statementMap":{"0":{"start":{"line":1,"column":16},"end":{"line":1,"column":34}},"1":{"start":{"line":2,"column":15},"end":{"line":2,"column":31}},"2":{"start":{"line":3,"column":24},"end":{"line":3,"column":65}},"3":{"start":{"line":4,"column":23},"end":{"line":4,"column":63}},"4":{"start":{"line":7,"column":16},"end":{"line":12,"column":1}},"5":{"start":{"line":8,"column":4},"end":{"line":10,"column":5}},"6":{"start":{"line":9,"column":8},"end":{"line":9,"column":91}},"7":{"start":{"line":11,"column":4},"end":{"line":11,"column":11}},"8":{"start":{"line":15,"column":0},"end":{"line":15,"column":89}},"9":{"start":{"line":18,"column":0},"end":{"line":18,"column":89}},"10":{"start":{"line":20,"column":0},"end":{"line":20,"column":24}}},"fnMap":{"0":{"name":"(anonymous_0)","decl":{"start":{"line":7,"column":16},"end":{"line":7,"column":17}},"loc":{"start":{"line":7,"column":36},"end":{"line":12,"column":1}},"line":7}},"branchMap":{"0":{"loc":{"start":{"line":8,"column":4},"end":{"line":10,"column":5}},"type":"if","locations":[{"start":{"line":8,"column":4},"end":{"line":10,"column":5}},{"start":{},"end":{}}],"line":8}},"s":{"0":1,"1":1,"2":1,"3":1,"4":1,"5":3,"6":1,"7":2,"8":1,"9":1,"10":1},"f":{"0":3},"b":{"0":[1,2]},"_coverageSchema":"1a1c01bbd47fc00a2c39e90264f33305004495a9","hash":"285c9801150dc3b32a1d74bce381bbcd7b1318c0"}
,"C:\\Users\\rokor.DESKTOP-8CEUSFN\\Desktop\\Extraordinario\\ExtraEstetica\\src\\routes\\appointmentRoutes.js": {"path":"C:\\Users\\rokor.DESKTOP-8CEUSFN\\Desktop\\Extraordinario\\ExtraEstetica\\src\\routes\\appointmentRoutes.js","statementMap":{"0":{"start":{"line":1,"column":16},"end":{"line":1,"column":34}},"1":{"start":{"line":2,"column":15},"end":{"line":2,"column":31}},"2":{"start":{"line":3,"column":30},"end":{"line":3,"column":77}},"3":{"start":{"line":4,"column":23},"end":{"line":4,"column":63}},"4":{"start":{"line":7,"column":0},"end":{"line":9,"column":1}},"5":{"start":{"line":8,"column":4},"end":{"line":8,"column":56}},"6":{"start":{"line":12,"column":0},"end":{"line":12,"column":74}},"7":{"start":{"line":15,"column":0},"end":{"line":15,"column":88}},"8":{"start":{"line":18,"column":0},"end":{"line":18,"column":83}},"9":{"start":{"line":20,"column":0},"end":{"line":20,"column":24}}},"fnMap":{},"branchMap":{"0":{"loc":{"start":{"line":7,"column":0},"end":{"line":9,"column":1}},"type":"if","locations":[{"start":{"line":7,"column":0},"end":{"line":9,"column":1}},{"start":{},"end":{}}],"line":7}},"s":{"0":1,"1":1,"2":1,"3":1,"4":1,"5":0,"6":1,"7":1,"8":1,"9":1},"f":{},"b":{"0":[0,1]},"_coverageSchema":"1a1c01bbd47fc00a2c39e90264f33305004495a9","hash":"40ea795bb50aebe6fa71fbc9e392189871d01fa9"}
,"C:\\Users\\rokor.DESKTOP-8CEUSFN\\Desktop\\Extraordinario\\ExtraEstetica\\src\\routes\\authRoutes.js": {"path":"C:\\Users\\rokor.DESKTOP-8CEUSFN\\Desktop\\Extraordinario\\ExtraEstetica\\src\\routes\\authRoutes.js","statementMap":{"0":{"start":{"line":1,"column":16},"end":{"line":1,"column":34}},"1":{"start":{"line":2,"column":15},"end":{"line":2,"column":31}},"2":{"start":{"line":3,"column":23},"end":{"line":3,"column":63}},"3":{"start":{"line":7,"column":0},"end":{"line":7,"column":50}},"4":{"start":{"line":10,"column":0},"end":{"line":10,"column":44}},"5":{"start":{"line":12,"column":0},"end":{"line":12,"column":24}}},"fnMap":{},"branchMap":{},"s":{"0":1,"1":1,"2":1,"3":1,"4":1,"5":1},"f":{},"b":{},"_coverageSchema":"1a1c01bbd47fc00a2c39e90264f33305004495a9","hash":"7a43d1e59497b8b603a3343f189a8f66ee769e50"}
}
