TN:
SF:src\app.js
FN:23,(anonymous_0)
FN:24,(anonymous_1)
FN:25,(anonymous_2)
FN:28,(anonymous_3)
FN:40,iniciarServidor
FN:47,(anonymous_5)
FN:52,(anonymous_6)
FNF:7
FNH:0
FNDA:0,(anonymous_0)
FNDA:0,(anonymous_1)
FNDA:0,(anonymous_2)
FNDA:0,(anonymous_3)
FNDA:0,iniciarServidor
FNDA:0,(anonymous_5)
FNDA:0,(anonymous_6)
DA:1,1
DA:2,1
DA:3,1
DA:4,1
DA:5,1
DA:6,1
DA:7,1
DA:9,1
DA:11,1
DA:14,1
DA:15,1
DA:17,1
DA:18,1
DA:20,1
DA:23,1
DA:24,1
DA:25,1
DA:28,1
DA:31,1
DA:32,1
DA:33,1
DA:41,0
DA:43,0
DA:44,0
DA:47,0
DA:48,0
DA:52,0
DA:53,0
DA:54,0
DA:56,0
DA:61,0
DA:68,1
DA:69,0
DA:70,0
DA:74,1
LF:35
LH:23
BRDA:53,0,0,0
BRDA:53,0,1,0
BRDA:68,1,0,0
BRDA:68,1,1,1
BRDA:69,2,0,0
BRDA:69,2,1,0
BRF:6
BRH:1
end_of_record
TN:
SF:src\config\database.js
FNF:0
FNH:0
DA:1,1
DA:2,1
DA:4,1
DA:15,1
LF:4
LH:4
BRF:0
BRH:0
end_of_record
TN:
SF:src\controllers\adminController.js
FN:7,(anonymous_0)
FN:25,(anonymous_1)
FNF:2
FNH:2
FNDA:1,(anonymous_0)
FNDA:1,(anonymous_1)
DA:1,1
DA:5,1
DA:8,1
DA:9,1
DA:17,1
DA:19,0
DA:20,0
DA:26,1
DA:27,1
DA:28,1
DA:31,1
DA:32,1
DA:33,0
DA:34,0
DA:37,1
DA:38,0
DA:39,0
DA:48,1
DA:56,1
DA:61,1
DA:62,1
DA:63,1
DA:66,1
DA:67,1
DA:70,0
DA:71,0
DA:72,0
LF:27
LH:18
BRDA:32,0,0,0
BRDA:32,0,1,1
BRDA:32,1,0,1
BRDA:32,1,1,1
BRDA:37,2,0,0
BRDA:37,2,1,1
BRDA:62,3,0,1
BRDA:62,3,1,0
BRF:8
BRH:5
end_of_record
TN:
SF:src\controllers\appointmentController.js
FN:6,(anonymous_0)
FN:94,(anonymous_1)
FN:108,(anonymous_2)
FNF:3
FNH:3
FNDA:1,(anonymous_0)
FNDA:1,(anonymous_1)
FNDA:1,(anonymous_2)
DA:1,1
DA:2,1
DA:4,1
DA:7,1
DA:8,1
DA:9,1
DA:12,1
DA:13,1
DA:16,1
DA:18,1
DA:19,0
DA:22,1
DA:23,1
DA:26,1
DA:29,1
DA:32,1
DA:33,1
DA:35,1
DA:38,1
DA:46,1
DA:49,1
DA:51,1
DA:52,3
DA:65,3
DA:66,1
DA:67,1
DA:71,1
DA:72,0
DA:76,1
DA:85,1
DA:88,0
DA:89,0
DA:95,1
DA:96,1
DA:100,1
DA:102,0
DA:103,0
DA:109,1
DA:110,1
DA:111,1
DA:112,1
DA:114,1
DA:116,1
DA:118,1
DA:119,0
DA:122,1
DA:123,1
DA:125,1
DA:127,0
DA:128,0
LF:50
LH:41
BRDA:18,0,0,0
BRDA:18,0,1,1
BRDA:26,1,0,0
BRDA:26,1,1,1
BRDA:26,2,0,1
BRDA:26,2,1,1
BRDA:29,3,0,0
BRDA:29,3,1,1
BRDA:29,4,0,1
BRDA:29,4,1,1
BRDA:33,5,0,0
BRDA:33,5,1,1
BRDA:46,6,0,0
BRDA:46,6,1,1
BRDA:65,7,0,1
BRDA:65,7,1,2
BRDA:71,8,0,0
BRDA:71,8,1,1
BRDA:116,9,0,0
BRDA:116,9,1,1
BRDA:118,10,0,0
BRDA:118,10,1,1
BRDA:118,11,0,1
BRDA:118,11,1,1
BRF:24
BRH:16
end_of_record
TN:
SF:src\controllers\authController.js
FN:7,(anonymous_0)
FN:59,(anonymous_1)
FNF:2
FNH:2
FNDA:3,(anonymous_0)
FNDA:2,(anonymous_1)
DA:1,1
DA:2,1
DA:3,1
DA:5,1
DA:8,3
DA:9,3
DA:14,3
DA:15,3
DA:16,2
DA:20,1
DA:21,1
DA:22,0
DA:26,1
DA:27,0
DA:32,1
DA:33,1
DA:34,0
DA:42,1
DA:50,1
DA:53,0
DA:54,0
DA:60,2
DA:61,2
DA:63,2
DA:64,2
DA:65,0
DA:69,2
DA:70,2
DA:71,0
DA:75,2
DA:81,2
DA:92,0
DA:93,0
LF:33
LH:24
BRDA:15,0,0,2
BRDA:15,0,1,1
BRDA:15,1,0,3
BRDA:15,1,1,1
BRDA:21,2,0,0
BRDA:21,2,1,1
BRDA:21,3,0,1
BRDA:21,3,1,1
BRDA:26,4,0,0
BRDA:26,4,1,1
BRDA:33,5,0,0
BRDA:33,5,1,1
BRDA:64,6,0,0
BRDA:64,6,1,2
BRDA:70,7,0,0
BRDA:70,7,1,2
BRDA:77,8,0,2
BRDA:77,8,1,0
BRF:18
BRH:12
end_of_record
TN:
SF:src\middlewares\authMiddleware.js
FN:3,(anonymous_0)
FNF:1
FNH:1
FNDA:6,(anonymous_0)
DA:1,1
DA:3,1
DA:5,6
DA:6,6
DA:8,6
DA:9,0
DA:12,6
DA:14,6
DA:15,6
DA:16,6
DA:18,0
LF:11
LH:9
BRDA:6,0,0,6
BRDA:6,0,1,6
BRDA:8,1,0,0
BRDA:8,1,1,6
BRF:4
BRH:3
end_of_record
TN:
SF:src\models\Appointment.js
FNF:0
FNH:0
DA:1,1
DA:2,1
DA:4,1
DA:13,1
LF:4
LH:4
BRF:0
BRH:0
end_of_record
TN:
SF:src\models\Employee.js
FNF:0
FNH:0
DA:1,1
DA:2,1
DA:4,1
DA:11,1
LF:4
LH:4
BRF:0
BRH:0
end_of_record
TN:
SF:src\models\Role.js
FNF:0
FNH:0
DA:1,1
DA:2,1
DA:4,1
DA:12,1
LF:4
LH:4
BRF:0
BRH:0
end_of_record
TN:
SF:src\models\Service.js
FNF:0
FNH:0
DA:1,1
DA:2,1
DA:4,1
DA:11,1
LF:4
LH:4
BRF:0
BRH:0
end_of_record
TN:
SF:src\models\User.js
FN:32,(anonymous_0)
FNF:1
FNH:1
FNDA:2,(anonymous_0)
DA:1,1
DA:2,1
DA:3,1
DA:5,1
DA:32,1
DA:33,2
DA:34,2
DA:35,2
DA:39,1
LF:9
LH:9
BRDA:33,0,0,2
BRDA:33,0,1,0
BRF:2
BRH:1
end_of_record
TN:
SF:src\models\index.js
FNF:0
FNH:0
DA:1,1
DA:2,1
DA:5,1
DA:6,1
DA:7,1
DA:8,1
DA:9,1
DA:12,1
DA:19,1
DA:20,1
DA:23,1
DA:24,1
DA:27,1
DA:28,1
DA:31,1
DA:32,1
DA:36,1
DA:37,1
DA:40,1
DA:41,1
DA:44,1
DA:45,1
DA:48,1
LF:23
LH:23
BRF:0
BRH:0
end_of_record
TN:
SF:src\routes\adminRoutes.js
FN:7,(anonymous_0)
FNF:1
FNH:1
FNDA:3,(anonymous_0)
DA:1,1
DA:2,1
DA:3,1
DA:4,1
DA:7,1
DA:8,3
DA:9,1
DA:11,2
DA:15,1
DA:18,1
DA:20,1
LF:11
LH:11
BRDA:8,0,0,1
BRDA:8,0,1,2
BRF:2
BRH:2
end_of_record
TN:
SF:src\routes\appointmentRoutes.js
FNF:0
FNH:0
DA:1,1
DA:2,1
DA:3,1
DA:4,1
DA:7,1
DA:8,0
DA:12,1
DA:15,1
DA:18,1
DA:20,1
LF:10
LH:9
BRDA:7,0,0,0
BRDA:7,0,1,1
BRF:2
BRH:1
end_of_record
TN:
SF:src\routes\authRoutes.js
FNF:0
FNH:0
DA:1,1
DA:2,1
DA:3,1
DA:7,1
DA:10,1
DA:12,1
LF:6
LH:6
BRF:0
BRH:0
end_of_record
